0 info it worked if it ends with ok
1 verbose cli [ '/usr/local/nvm/versions/node/v6.7.0/bin/node',
1 verbose cli   '/usr/local/nvm/versions/node/v6.7.0/bin/npm',
1 verbose cli   'run',
1 verbose cli   'start-dev' ]
2 info using npm@3.10.3
3 info using node@v6.7.0
4 verbose run-script [ 'prestart-dev', 'start-dev', 'poststart-dev' ]
5 info lifecycle ggscript@0.0.1~prestart-dev: ggscript@0.0.1
6 silly lifecycle ggscript@0.0.1~prestart-dev: no script for prestart-dev, continuing
7 info lifecycle ggscript@0.0.1~start-dev: ggscript@0.0.1
8 verbose lifecycle ggscript@0.0.1~start-dev: unsafe-perm in lifecycle true
9 verbose lifecycle ggscript@0.0.1~start-dev: PATH: /usr/local/nvm/versions/node/v6.7.0/lib/node_modules/npm/bin/node-gyp-bin:/Users/jeffjudkins/Dropbox/Repositories/Projects/ggscript/node_modules/.bin:/usr/local/nvm/versions/node/v6.7.0/bin:/usr/local/nvm/versions/node/v6.7.0/bin:/usr/local/bin:/usr/bin:/bin:/usr/sbin:/sbin:/opt/X11/bin
10 verbose lifecycle ggscript@0.0.1~start-dev: CWD: /Users/jeffjudkins/Dropbox/Repositories/Projects/ggscript
11 silly lifecycle ggscript@0.0.1~start-dev: Args: [ '-c',
11 silly lifecycle   'webpack-dev-server --inline --content-base ./client/app' ]
12 silly lifecycle ggscript@0.0.1~start-dev: Returned: code: 1  signal: null
13 info lifecycle ggscript@0.0.1~start-dev: Failed to exec start-dev script
14 verbose stack Error: ggscript@0.0.1 start-dev: `webpack-dev-server --inline --content-base ./client/app`
14 verbose stack Exit status 1
14 verbose stack     at EventEmitter.<anonymous> (/usr/local/nvm/versions/node/v6.7.0/lib/node_modules/npm/lib/utils/lifecycle.js:242:16)
14 verbose stack     at emitTwo (events.js:106:13)
14 verbose stack     at EventEmitter.emit (events.js:191:7)
14 verbose stack     at ChildProcess.<anonymous> (/usr/local/nvm/versions/node/v6.7.0/lib/node_modules/npm/lib/utils/spawn.js:40:14)
14 verbose stack     at emitTwo (events.js:106:13)
14 verbose stack     at ChildProcess.emit (events.js:191:7)
14 verbose stack     at maybeClose (internal/child_process.js:877:16)
14 verbose stack     at Process.ChildProcess._handle.onexit (internal/child_process.js:226:5)
15 verbose pkgid ggscript@0.0.1
16 verbose cwd /Users/jeffjudkins/Dropbox/Repositories/Projects/ggscript
17 error Darwin 15.6.0
18 error argv "/usr/local/nvm/versions/node/v6.7.0/bin/node" "/usr/local/nvm/versions/node/v6.7.0/bin/npm" "run" "start-dev"
19 error node v6.7.0
20 error npm  v3.10.3
21 error code ELIFECYCLE
22 error ggscript@0.0.1 start-dev: `webpack-dev-server --inline --content-base ./client/app`
22 error Exit status 1
23 error Failed at the ggscript@0.0.1 start-dev script 'webpack-dev-server --inline --content-base ./client/app'.
23 error Make sure you have the latest version of node.js and npm installed.
23 error If you do, this is most likely a problem with the ggscript package,
23 error not with npm itself.
23 error Tell the author that this fails on your system:
23 error     webpack-dev-server --inline --content-base ./client/app
23 error You can get information on how to open an issue for this project with:
23 error     npm bugs ggscript
23 error Or if that isn't available, you can get their info via:
23 error     npm owner ls ggscript
23 error There is likely additional logging output above.
24 verbose exit [ 1, true ]
